<?xml version="1.0" encoding="UTF-8"?>
<!-- Generated by org.testng.reporters.JUnitReportReporter -->
<testsuite hostname="LAPTOP-J49DONU2" failures="0" tests="2" name="DataDrivenExamples1" time="0.023" errors="0" timestamp="2022-05-02T08:53:35 GET" skipped="0">
  <testcase classname="DataDrivenExamples1" name="myTest" time="0.008"/>
  <system-out/>
  <testcase classname="DataDrivenExamples1" name="myTest" time="0.015"/>
  <system-out/>
</testsuite> <!-- DataDrivenExamples1 -->
