<?xml version="1.0" encoding="UTF-8"?>
<!-- Generated by org.testng.reporters.JUnitReportReporter -->
<testsuite hostname="LAPTOP-J49DONU2" failures="0" tests="3" name="RegistrationSuccessful" time="6.294" errors="0" timestamp="2022-05-02T17:34:40 GET" skipped="0">
  <testcase classname="RegistrationSuccessful" name="RegistrationSuccess" time="0.319"/>
  <system-out/>
  <testcase classname="RegistrationSuccessful" name="RegistrationSuccess" time="5.650"/>
  <system-out/>
  <testcase classname="RegistrationSuccessful" name="RegistrationSuccess" time="0.325"/>
  <system-out/>
</testsuite> <!-- RegistrationSuccessful -->
