<?xml version="1.0" encoding="UTF-8"?>
<!-- Generated by org.testng.reporters.JUnitReportReporter -->
<testsuite hostname="LAPTOP-J49DONU2" failures="0" tests="1" name="Post" time="7056.606" errors="0" timestamp="2022-05-02T16:54:20 GET" skipped="0">
  <testcase classname="Post" name="createUserTest" time="7056.606"/>
  <system-out/>
</testsuite> <!-- Post -->
